<?xml version="1.0" encoding="UTF-8"?>
<!-- Generated by org.testng.reporters.JUnitXMLReporter -->
<testsuite hostname="DESKTOP-TFIKAD1" ignored="0" name="Test" tests="5" failures="1" timestamp="25 Jun 2020 13:19:32 GMT" time="65.848" errors="0">
  <testcase name="TC_01" time="6.587" classname="com.tyss.frameworkscripts.LoginTest1"/>
  <testcase name="TC_02" time="2.018" classname="com.tyss.frameworkscripts.LoginTest1"/>
  <testcase name="TC_03" time="7.334" classname="com.tyss.frameworkscripts.LoginTest1"/>
  <testcase name="TC_04" time="0.748" classname="com.tyss.frameworkscripts.LoginTest1">
    <failure type="java.lang.AssertionError" message="expected [Welcome -Anuj Kumar] but found [Shopping Portal | Signi-in | Signup]">
      <![CDATA[java.lang.AssertionError: expected [Welcome -Anuj Kumar] but found [Shopping Portal | Signi-in | Signup]
at com.tyss.frameworkscripts.LoginTest1.TC_04(LoginTest1.java:64)
... Removed 31 stack frames]]>
    </failure>
  </testcase> <!-- TC_04 -->
  <testcase name="TC_01" time="4.838" classname="com.tyss.frameworkscripts.LoginTest"/>
</testsuite> <!-- Test -->
