<?xml version="1.0" encoding="UTF-8"?>
<testng-results skipped="0" failed="0" ignored="0" total="1" passed="1">
  <reporter-output>
    <line>
      <![CDATA[Browser Launched Sucessfully]]>
    </line>
    <line>
      <![CDATA[Application closed]]>
    </line>
    <line>
      <![CDATA[Entered Text " anuj.lpu1@gmail.com " in theUsername Textbox]]>
    </line>
    <line>
      <![CDATA[Entered Text " Test@123 " in thePassword Textbox]]>
    </line>
    <line>
      <![CDATA[Clicked on LoginBtn]]>
    </line>
    <line>
      <![CDATA[Clicked on Account Button]]>
    </line>
  </reporter-output>
  <suite name="Default suite" duration-ms="26439" started-at="2020-07-02T11:56:04Z" finished-at="2020-07-02T11:56:30Z">
    <groups>
    </groups>
    <test name="Default test" duration-ms="26439" started-at="2020-07-02T11:56:04Z" finished-at="2020-07-02T11:56:30Z">
      <class name="com.tyss.frameworkscripts.LoginTest">
        <test-method status="PASS" signature="setUp(org.testng.ITestContext)[pri:0, instance:com.tyss.frameworkscripts.LoginTest@6a41eaa2]" name="setUp" is-config="true" duration-ms="15208" started-at="2020-07-02T11:56:04Z" finished-at="2020-07-02T11:56:19Z">
          <params>
            <param index="0">
              <value>
                <![CDATA[org.testng.TestRunner@20a14b55]]>
              </value>
            </param>
          </params>
          <reporter-output>
            <line>
              <![CDATA[Browser Launched Sucessfully]]>
            </line>
            <line>
              <![CDATA[Application closed]]>
            </line>
          </reporter-output>
        </test-method> <!-- setUp -->
        <test-method status="PASS" signature="TC_01()[pri:0, instance:com.tyss.frameworkscripts.LoginTest@6a41eaa2]" name="TC_01" duration-ms="10785" started-at="2020-07-02T11:56:19Z" finished-at="2020-07-02T11:56:30Z">
          <reporter-output>
            <line>
              <![CDATA[Entered Text " anuj.lpu1@gmail.com " in theUsername Textbox]]>
            </line>
            <line>
              <![CDATA[Entered Text " Test@123 " in thePassword Textbox]]>
            </line>
            <line>
              <![CDATA[Clicked on LoginBtn]]>
            </line>
            <line>
              <![CDATA[Clicked on Account Button]]>
            </line>
          </reporter-output>
        </test-method> <!-- TC_01 -->
        <test-method status="PASS" signature="tearDown()[pri:0, instance:com.tyss.frameworkscripts.LoginTest@6a41eaa2]" name="tearDown" is-config="true" duration-ms="399" started-at="2020-07-02T11:56:30Z" finished-at="2020-07-02T11:56:30Z">
          <reporter-output>
          </reporter-output>
        </test-method> <!-- tearDown -->
      </class> <!-- com.tyss.frameworkscripts.LoginTest -->
    </test> <!-- Default test -->
  </suite> <!-- Default suite -->
</testng-results>
